2013-10-13 04:26:25 Error: [MissingControllerException] Controller class PlacesController could not be found.
Exception Attributes: array (
  'class' => 'PlacesController',
  'plugin' => NULL,
)
Request URL: /singapore13/places
Stack Trace:
#0 /var/www/singapore13/app/webroot/index.php(110): Dispatcher->dispatch(Object(CakeRequest), Object(CakeResponse))
#1 {main}
2013-10-13 04:26:39 Error: Fatal Error (1): Call to a member function find() on a non-object in [/var/www/singapore13/app/Controller/PlacesController.php, line 6]
2013-10-13 04:26:39 Error: [FatalErrorException] Call to a member function find() on a non-object
Request URL: /singapore13/places
Stack Trace:
#0 /var/www/singapore13/lib/Cake/Error/ErrorHandler.php(205): ErrorHandler::handleFatalError(1, 'Call to a membe...', '/var/www/singap...', 6)
#1 [internal function]: ErrorHandler::handleError(1, 'Call to a membe...', '/var/www/singap...', 6, Array)
#2 /var/www/singapore13/lib/Cake/Core/App.php(931): call_user_func('ErrorHandler::h...', 1, 'Call to a membe...', '/var/www/singap...', 6, Array)
#3 /var/www/singapore13/lib/Cake/Core/App.php(904): App::_checkFatalError()
#4 [internal function]: App::shutdown()
#5 {main}
2013-10-13 04:30:53 Error: Fatal Error (1): Call to a member function find() on a non-object in [/var/www/singapore13/app/Controller/PlacesController.php, line 6]
2013-10-13 04:30:53 Error: [FatalErrorException] Call to a member function find() on a non-object
Request URL: /singapore13/places
Stack Trace:
#0 /var/www/singapore13/lib/Cake/Error/ErrorHandler.php(205): ErrorHandler::handleFatalError(1, 'Call to a membe...', '/var/www/singap...', 6)
#1 [internal function]: ErrorHandler::handleError(1, 'Call to a membe...', '/var/www/singap...', 6, Array)
#2 /var/www/singapore13/lib/Cake/Core/App.php(931): call_user_func('ErrorHandler::h...', 1, 'Call to a membe...', '/var/www/singap...', 6, Array)
#3 /var/www/singapore13/lib/Cake/Core/App.php(904): App::_checkFatalError()
#4 [internal function]: App::shutdown()
#5 {main}
2013-10-13 04:31:10 Error: Fatal Error (1): Call to a member function find() on a non-object in [/var/www/singapore13/app/Controller/PlacesController.php, line 6]
2013-10-13 04:31:10 Error: [FatalErrorException] Call to a member function find() on a non-object
Request URL: /singapore13/places
Stack Trace:
#0 /var/www/singapore13/lib/Cake/Error/ErrorHandler.php(205): ErrorHandler::handleFatalError(1, 'Call to a membe...', '/var/www/singap...', 6)
#1 [internal function]: ErrorHandler::handleError(1, 'Call to a membe...', '/var/www/singap...', 6, Array)
#2 /var/www/singapore13/lib/Cake/Core/App.php(931): call_user_func('ErrorHandler::h...', 1, 'Call to a membe...', '/var/www/singap...', 6, Array)
#3 /var/www/singapore13/lib/Cake/Core/App.php(904): App::_checkFatalError()
#4 [internal function]: App::shutdown()
#5 {main}
2013-10-13 04:31:11 Error: Fatal Error (1): Call to a member function find() on a non-object in [/var/www/singapore13/app/Controller/PlacesController.php, line 6]
2013-10-13 04:31:11 Error: [FatalErrorException] Call to a member function find() on a non-object
Request URL: /singapore13/places
Stack Trace:
#0 /var/www/singapore13/lib/Cake/Error/ErrorHandler.php(205): ErrorHandler::handleFatalError(1, 'Call to a membe...', '/var/www/singap...', 6)
#1 [internal function]: ErrorHandler::handleError(1, 'Call to a membe...', '/var/www/singap...', 6, Array)
#2 /var/www/singapore13/lib/Cake/Core/App.php(931): call_user_func('ErrorHandler::h...', 1, 'Call to a membe...', '/var/www/singap...', 6, Array)
#3 /var/www/singapore13/lib/Cake/Core/App.php(904): App::_checkFatalError()
#4 [internal function]: App::shutdown()
#5 {main}
2013-10-13 04:32:16 Error: Fatal Error (1): Call to a member function find() on a non-object in [/var/www/singapore13/app/Controller/PlacesController.php, line 6]
2013-10-13 04:32:16 Error: [FatalErrorException] Call to a member function find() on a non-object
Request URL: /singapore13/places
Stack Trace:
#0 /var/www/singapore13/lib/Cake/Error/ErrorHandler.php(205): ErrorHandler::handleFatalError(1, 'Call to a membe...', '/var/www/singap...', 6)
#1 [internal function]: ErrorHandler::handleError(1, 'Call to a membe...', '/var/www/singap...', 6, Array)
#2 /var/www/singapore13/lib/Cake/Core/App.php(931): call_user_func('ErrorHandler::h...', 1, 'Call to a membe...', '/var/www/singap...', 6, Array)
#3 /var/www/singapore13/lib/Cake/Core/App.php(904): App::_checkFatalError()
#4 [internal function]: App::shutdown()
#5 {main}
2013-10-13 04:32:17 Error: Fatal Error (1): Call to a member function find() on a non-object in [/var/www/singapore13/app/Controller/PlacesController.php, line 6]
2013-10-13 04:32:17 Error: [FatalErrorException] Call to a member function find() on a non-object
Request URL: /singapore13/places
Stack Trace:
#0 /var/www/singapore13/lib/Cake/Error/ErrorHandler.php(205): ErrorHandler::handleFatalError(1, 'Call to a membe...', '/var/www/singap...', 6)
#1 [internal function]: ErrorHandler::handleError(1, 'Call to a membe...', '/var/www/singap...', 6, Array)
#2 /var/www/singapore13/lib/Cake/Core/App.php(931): call_user_func('ErrorHandler::h...', 1, 'Call to a membe...', '/var/www/singap...', 6, Array)
#3 /var/www/singapore13/lib/Cake/Core/App.php(904): App::_checkFatalError()
#4 [internal function]: App::shutdown()
#5 {main}
2013-10-13 04:33:00 Error: Fatal Error (1): Call to a member function find() on a non-object in [/var/www/singapore13/app/Controller/PlacesController.php, line 6]
2013-10-13 04:33:00 Error: [FatalErrorException] Call to a member function find() on a non-object
Request URL: /singapore13/places
Stack Trace:
#0 /var/www/singapore13/lib/Cake/Error/ErrorHandler.php(205): ErrorHandler::handleFatalError(1, 'Call to a membe...', '/var/www/singap...', 6)
#1 [internal function]: ErrorHandler::handleError(1, 'Call to a membe...', '/var/www/singap...', 6, Array)
#2 /var/www/singapore13/lib/Cake/Core/App.php(931): call_user_func('ErrorHandler::h...', 1, 'Call to a membe...', '/var/www/singap...', 6, Array)
#3 /var/www/singapore13/lib/Cake/Core/App.php(904): App::_checkFatalError()
#4 [internal function]: App::shutdown()
#5 {main}
2013-10-13 04:33:43 Error: [MissingViewException] View file "/var/www/singapore13/app/View/Places/index.ctp" is missing.
Exception Attributes: array (
  'file' => '/var/www/singapore13/app/View/Places/index.ctp',
)
Request URL: /singapore13/places
Stack Trace:
#0 /var/www/singapore13/lib/Cake/View/View.php(459): View->_getViewFileName(NULL)
#1 /var/www/singapore13/lib/Cake/Controller/Controller.php(952): View->render(NULL, NULL)
#2 /var/www/singapore13/lib/Cake/Routing/Dispatcher.php(194): Controller->render()
#3 /var/www/singapore13/lib/Cake/Routing/Dispatcher.php(162): Dispatcher->_invoke(Object(PlacesController), Object(CakeRequest), Object(CakeResponse))
#4 /var/www/singapore13/app/webroot/index.php(110): Dispatcher->dispatch(Object(CakeRequest), Object(CakeResponse))
#5 {main}
2013-10-13 04:33:48 Error: [MissingControllerException] Controller class PlacesController could not be found.
Exception Attributes: array (
  'class' => 'PlacesController',
  'plugin' => NULL,
)
Request URL: /singapore13/places
Stack Trace:
#0 /var/www/singapore13/app/webroot/index.php(110): Dispatcher->dispatch(Object(CakeRequest), Object(CakeResponse))
#1 {main}
2013-10-13 04:33:50 Error: [MissingControllerException] Controller class PlacesController could not be found.
Exception Attributes: array (
  'class' => 'PlacesController',
  'plugin' => NULL,
)
Request URL: /singapore13/places
Stack Trace:
#0 /var/www/singapore13/app/webroot/index.php(110): Dispatcher->dispatch(Object(CakeRequest), Object(CakeResponse))
#1 {main}
2013-10-13 04:33:55 Error: [MissingControllerException] Controller class PlaceController could not be found.
Exception Attributes: array (
  'class' => 'PlaceController',
  'plugin' => NULL,
)
Request URL: /singapore13/place
Stack Trace:
#0 /var/www/singapore13/app/webroot/index.php(110): Dispatcher->dispatch(Object(CakeRequest), Object(CakeResponse))
#1 {main}
2013-10-13 04:34:22 Error: [MissingControllerException] Controller class PlaceController could not be found.
Exception Attributes: array (
  'class' => 'PlaceController',
  'plugin' => NULL,
)
Request URL: /singapore13/place
Stack Trace:
#0 /var/www/singapore13/app/webroot/index.php(110): Dispatcher->dispatch(Object(CakeRequest), Object(CakeResponse))
#1 {main}
2013-10-13 04:34:22 Error: [MissingControllerException] Controller class PlaceController could not be found.
Exception Attributes: array (
  'class' => 'PlaceController',
  'plugin' => NULL,
)
Request URL: /singapore13/place
Stack Trace:
#0 /var/www/singapore13/app/webroot/index.php(110): Dispatcher->dispatch(Object(CakeRequest), Object(CakeResponse))
#1 {main}
2013-10-13 04:34:36 Error: [MissingViewException] View file "/var/www/singapore13/app/View/Place/index.ctp" is missing.
Exception Attributes: array (
  'file' => '/var/www/singapore13/app/View/Place/index.ctp',
)
Request URL: /singapore13/place
Stack Trace:
#0 /var/www/singapore13/lib/Cake/View/View.php(459): View->_getViewFileName(NULL)
#1 /var/www/singapore13/lib/Cake/Controller/Controller.php(952): View->render(NULL, NULL)
#2 /var/www/singapore13/lib/Cake/Routing/Dispatcher.php(194): Controller->render()
#3 /var/www/singapore13/lib/Cake/Routing/Dispatcher.php(162): Dispatcher->_invoke(Object(PlaceController), Object(CakeRequest), Object(CakeResponse))
#4 /var/www/singapore13/app/webroot/index.php(110): Dispatcher->dispatch(Object(CakeRequest), Object(CakeResponse))
#5 {main}
2013-10-13 04:34:38 Error: [MissingViewException] View file "/var/www/singapore13/app/View/Place/index.ctp" is missing.
Exception Attributes: array (
  'file' => '/var/www/singapore13/app/View/Place/index.ctp',
)
Request URL: /singapore13/place
Stack Trace:
#0 /var/www/singapore13/lib/Cake/View/View.php(459): View->_getViewFileName(NULL)
#1 /var/www/singapore13/lib/Cake/Controller/Controller.php(952): View->render(NULL, NULL)
#2 /var/www/singapore13/lib/Cake/Routing/Dispatcher.php(194): Controller->render()
#3 /var/www/singapore13/lib/Cake/Routing/Dispatcher.php(162): Dispatcher->_invoke(Object(PlaceController), Object(CakeRequest), Object(CakeResponse))
#4 /var/www/singapore13/app/webroot/index.php(110): Dispatcher->dispatch(Object(CakeRequest), Object(CakeResponse))
#5 {main}
2013-10-13 04:40:30 Error: [NotFoundException] Invalid post
Request URL: /singapore13/place/view/0
Stack Trace:
#0 [internal function]: PlaceController->view('0')
#1 /var/www/singapore13/lib/Cake/Controller/Controller.php(490): ReflectionMethod->invokeArgs(Object(PlaceController), Array)
#2 /var/www/singapore13/lib/Cake/Routing/Dispatcher.php(187): Controller->invokeAction(Object(CakeRequest))
#3 /var/www/singapore13/lib/Cake/Routing/Dispatcher.php(162): Dispatcher->_invoke(Object(PlaceController), Object(CakeRequest), Object(CakeResponse))
#4 /var/www/singapore13/app/webroot/index.php(110): Dispatcher->dispatch(Object(CakeRequest), Object(CakeResponse))
#5 {main}
2013-10-13 04:41:46 Error: [NotFoundException] Invalid post
Request URL: /singapore13/place/view/0
Stack Trace:
#0 [internal function]: PlaceController->view('0')
#1 /var/www/singapore13/lib/Cake/Controller/Controller.php(490): ReflectionMethod->invokeArgs(Object(PlaceController), Array)
#2 /var/www/singapore13/lib/Cake/Routing/Dispatcher.php(187): Controller->invokeAction(Object(CakeRequest))
#3 /var/www/singapore13/lib/Cake/Routing/Dispatcher.php(162): Dispatcher->_invoke(Object(PlaceController), Object(CakeRequest), Object(CakeResponse))
#4 /var/www/singapore13/app/webroot/index.php(110): Dispatcher->dispatch(Object(CakeRequest), Object(CakeResponse))
#5 {main}
2013-10-13 04:42:11 Error: [NotFoundException] Invalid post
Request URL: /singapore13/place/view/0
Stack Trace:
#0 [internal function]: PlaceController->view('0')
#1 /var/www/singapore13/lib/Cake/Controller/Controller.php(490): ReflectionMethod->invokeArgs(Object(PlaceController), Array)
#2 /var/www/singapore13/lib/Cake/Routing/Dispatcher.php(187): Controller->invokeAction(Object(CakeRequest))
#3 /var/www/singapore13/lib/Cake/Routing/Dispatcher.php(162): Dispatcher->_invoke(Object(PlaceController), Object(CakeRequest), Object(CakeResponse))
#4 /var/www/singapore13/app/webroot/index.php(110): Dispatcher->dispatch(Object(CakeRequest), Object(CakeResponse))
#5 {main}
2013-10-13 04:42:14 Error: [NotFoundException] Invalid post
Request URL: /singapore13/place/view/0
Stack Trace:
#0 [internal function]: PlaceController->view('0')
#1 /var/www/singapore13/lib/Cake/Controller/Controller.php(490): ReflectionMethod->invokeArgs(Object(PlaceController), Array)
#2 /var/www/singapore13/lib/Cake/Routing/Dispatcher.php(187): Controller->invokeAction(Object(CakeRequest))
#3 /var/www/singapore13/lib/Cake/Routing/Dispatcher.php(162): Dispatcher->_invoke(Object(PlaceController), Object(CakeRequest), Object(CakeResponse))
#4 /var/www/singapore13/app/webroot/index.php(110): Dispatcher->dispatch(Object(CakeRequest), Object(CakeResponse))
#5 {main}
2013-10-13 04:42:56 Error: [NotFoundException] Invalid post
Request URL: /singapore13/place/view/0
Stack Trace:
#0 [internal function]: PlaceController->view('0')
#1 /var/www/singapore13/lib/Cake/Controller/Controller.php(490): ReflectionMethod->invokeArgs(Object(PlaceController), Array)
#2 /var/www/singapore13/lib/Cake/Routing/Dispatcher.php(187): Controller->invokeAction(Object(CakeRequest))
#3 /var/www/singapore13/lib/Cake/Routing/Dispatcher.php(162): Dispatcher->_invoke(Object(PlaceController), Object(CakeRequest), Object(CakeResponse))
#4 /var/www/singapore13/app/webroot/index.php(110): Dispatcher->dispatch(Object(CakeRequest), Object(CakeResponse))
#5 {main}
2013-10-13 04:44:35 Error: [MissingActionException] Action PlaceController::0() could not be found.
Exception Attributes: array (
  'controller' => 'PlaceController',
  'action' => '0',
)
Request URL: /singapore13/place/0
Stack Trace:
#0 /var/www/singapore13/lib/Cake/Routing/Dispatcher.php(187): Controller->invokeAction(Object(CakeRequest))
#1 /var/www/singapore13/lib/Cake/Routing/Dispatcher.php(162): Dispatcher->_invoke(Object(PlaceController), Object(CakeRequest), Object(CakeResponse))
#2 /var/www/singapore13/app/webroot/index.php(110): Dispatcher->dispatch(Object(CakeRequest), Object(CakeResponse))
#3 {main}
2013-10-13 04:45:54 Error: [NotFoundException] Invalid post
Request URL: /singapore13/place/view/0
Stack Trace:
#0 [internal function]: PlaceController->view('0')
#1 /var/www/singapore13/lib/Cake/Controller/Controller.php(490): ReflectionMethod->invokeArgs(Object(PlaceController), Array)
#2 /var/www/singapore13/lib/Cake/Routing/Dispatcher.php(187): Controller->invokeAction(Object(CakeRequest))
#3 /var/www/singapore13/lib/Cake/Routing/Dispatcher.php(162): Dispatcher->_invoke(Object(PlaceController), Object(CakeRequest), Object(CakeResponse))
#4 /var/www/singapore13/app/webroot/index.php(110): Dispatcher->dispatch(Object(CakeRequest), Object(CakeResponse))
#5 {main}
2013-10-13 04:45:56 Error: [NotFoundException] Invalid post
Request URL: /singapore13/place/view/0
Stack Trace:
#0 [internal function]: PlaceController->view('0')
#1 /var/www/singapore13/lib/Cake/Controller/Controller.php(490): ReflectionMethod->invokeArgs(Object(PlaceController), Array)
#2 /var/www/singapore13/lib/Cake/Routing/Dispatcher.php(187): Controller->invokeAction(Object(CakeRequest))
#3 /var/www/singapore13/lib/Cake/Routing/Dispatcher.php(162): Dispatcher->_invoke(Object(PlaceController), Object(CakeRequest), Object(CakeResponse))
#4 /var/www/singapore13/app/webroot/index.php(110): Dispatcher->dispatch(Object(CakeRequest), Object(CakeResponse))
#5 {main}
2013-10-13 04:47:02 Error: [PDOException] SQLSTATE[42S22]: Column not found: 1054 Unknown column 'Place.id' in 'where clause'
Request URL: /singapore13/place/index
Stack Trace:
#0 /var/www/singapore13/lib/Cake/Model/Datasource/DboSource.php(460): PDOStatement->execute(Array)
#1 /var/www/singapore13/lib/Cake/Model/Datasource/DboSource.php(426): DboSource->_execute('SELECT `Place`....', Array)
#2 /var/www/singapore13/lib/Cake/Model/Datasource/DboSource.php(666): DboSource->execute('SELECT `Place`....', Array, Array)
#3 /var/www/singapore13/lib/Cake/Model/Datasource/DboSource.php(1077): DboSource->fetchAll('SELECT `Place`....', false)
#4 /var/www/singapore13/lib/Cake/Model/Model.php(2880): DboSource->read(Object(AppModel), Array)
#5 /var/www/singapore13/lib/Cake/Model/Model.php(2852): Model->_readDataSource('first', Array)
#6 /var/www/singapore13/lib/Cake/Model/Datasource/DboSource.php(599): Model->find('first', Array)
#7 /var/www/singapore13/lib/Cake/Model/Model.php(801): DboSource->query('findById', Array, Object(AppModel))
#8 /var/www/singapore13/app/Controller/PlaceController.php(6): Model->__call('findById', Array)
#9 /var/www/singapore13/app/Controller/PlaceController.php(6): AppModel->findById(0)
#10 [internal function]: PlaceController->index()
#11 /var/www/singapore13/lib/Cake/Controller/Controller.php(490): ReflectionMethod->invokeArgs(Object(PlaceController), Array)
#12 /var/www/singapore13/lib/Cake/Routing/Dispatcher.php(187): Controller->invokeAction(Object(CakeRequest))
#13 /var/www/singapore13/lib/Cake/Routing/Dispatcher.php(162): Dispatcher->_invoke(Object(PlaceController), Object(CakeRequest), Object(CakeResponse))
#14 /var/www/singapore13/app/webroot/index.php(110): Dispatcher->dispatch(Object(CakeRequest), Object(CakeResponse))
#15 {main}
2013-10-13 04:47:03 Error: [PDOException] SQLSTATE[42S22]: Column not found: 1054 Unknown column 'Place.id' in 'where clause'
Request URL: /singapore13/place/index
Stack Trace:
#0 /var/www/singapore13/lib/Cake/Model/Datasource/DboSource.php(460): PDOStatement->execute(Array)
#1 /var/www/singapore13/lib/Cake/Model/Datasource/DboSource.php(426): DboSource->_execute('SELECT `Place`....', Array)
#2 /var/www/singapore13/lib/Cake/Model/Datasource/DboSource.php(666): DboSource->execute('SELECT `Place`....', Array, Array)
#3 /var/www/singapore13/lib/Cake/Model/Datasource/DboSource.php(1077): DboSource->fetchAll('SELECT `Place`....', false)
#4 /var/www/singapore13/lib/Cake/Model/Model.php(2880): DboSource->read(Object(AppModel), Array)
#5 /var/www/singapore13/lib/Cake/Model/Model.php(2852): Model->_readDataSource('first', Array)
#6 /var/www/singapore13/lib/Cake/Model/Datasource/DboSource.php(599): Model->find('first', Array)
#7 /var/www/singapore13/lib/Cake/Model/Model.php(801): DboSource->query('findById', Array, Object(AppModel))
#8 /var/www/singapore13/app/Controller/PlaceController.php(6): Model->__call('findById', Array)
#9 /var/www/singapore13/app/Controller/PlaceController.php(6): AppModel->findById(0)
#10 [internal function]: PlaceController->index()
#11 /var/www/singapore13/lib/Cake/Controller/Controller.php(490): ReflectionMethod->invokeArgs(Object(PlaceController), Array)
#12 /var/www/singapore13/lib/Cake/Routing/Dispatcher.php(187): Controller->invokeAction(Object(CakeRequest))
#13 /var/www/singapore13/lib/Cake/Routing/Dispatcher.php(162): Dispatcher->_invoke(Object(PlaceController), Object(CakeRequest), Object(CakeResponse))
#14 /var/www/singapore13/app/webroot/index.php(110): Dispatcher->dispatch(Object(CakeRequest), Object(CakeResponse))
#15 {main}
2013-10-13 04:47:17 Error: [NotFoundException] Invalid post
Request URL: /singapore13/place/view/0
Stack Trace:
#0 [internal function]: PlaceController->view('0')
#1 /var/www/singapore13/lib/Cake/Controller/Controller.php(490): ReflectionMethod->invokeArgs(Object(PlaceController), Array)
#2 /var/www/singapore13/lib/Cake/Routing/Dispatcher.php(187): Controller->invokeAction(Object(CakeRequest))
#3 /var/www/singapore13/lib/Cake/Routing/Dispatcher.php(162): Dispatcher->_invoke(Object(PlaceController), Object(CakeRequest), Object(CakeResponse))
#4 /var/www/singapore13/app/webroot/index.php(110): Dispatcher->dispatch(Object(CakeRequest), Object(CakeResponse))
#5 {main}
2013-10-13 04:48:05 Error: [MissingControllerException] Controller class PlaceController could not be found.
Exception Attributes: array (
  'class' => 'PlaceController',
  'plugin' => NULL,
)
Request URL: /singapore13/place/index
Stack Trace:
#0 /var/www/singapore13/app/webroot/index.php(110): Dispatcher->dispatch(Object(CakeRequest), Object(CakeResponse))
#1 {main}
2013-10-13 04:48:11 Error: [MissingViewException] View file "/var/www/singapore13/app/View/Places/index.ctp" is missing.
Exception Attributes: array (
  'file' => '/var/www/singapore13/app/View/Places/index.ctp',
)
Request URL: /singapore13/places
Stack Trace:
#0 /var/www/singapore13/lib/Cake/View/View.php(459): View->_getViewFileName(NULL)
#1 /var/www/singapore13/lib/Cake/Controller/Controller.php(952): View->render(NULL, NULL)
#2 /var/www/singapore13/lib/Cake/Routing/Dispatcher.php(194): Controller->render()
#3 /var/www/singapore13/lib/Cake/Routing/Dispatcher.php(162): Dispatcher->_invoke(Object(PlacesController), Object(CakeRequest), Object(CakeResponse))
#4 /var/www/singapore13/app/webroot/index.php(110): Dispatcher->dispatch(Object(CakeRequest), Object(CakeResponse))
#5 {main}
2013-10-13 04:48:13 Error: [MissingViewException] View file "/var/www/singapore13/app/View/Places/index.ctp" is missing.
Exception Attributes: array (
  'file' => '/var/www/singapore13/app/View/Places/index.ctp',
)
Request URL: /singapore13/places
Stack Trace:
#0 /var/www/singapore13/lib/Cake/View/View.php(459): View->_getViewFileName(NULL)
#1 /var/www/singapore13/lib/Cake/Controller/Controller.php(952): View->render(NULL, NULL)
#2 /var/www/singapore13/lib/Cake/Routing/Dispatcher.php(194): Controller->render()
#3 /var/www/singapore13/lib/Cake/Routing/Dispatcher.php(162): Dispatcher->_invoke(Object(PlacesController), Object(CakeRequest), Object(CakeResponse))
#4 /var/www/singapore13/app/webroot/index.php(110): Dispatcher->dispatch(Object(CakeRequest), Object(CakeResponse))
#5 {main}
2013-10-13 04:48:20 Error: Fatal Error (1): Call to a member function find() on a non-object in [/var/www/singapore13/app/Controller/PlacesController.php, line 6]
2013-10-13 04:48:20 Error: [FatalErrorException] Call to a member function find() on a non-object
Request URL: /singapore13/places
Stack Trace:
#0 /var/www/singapore13/lib/Cake/Error/ErrorHandler.php(205): ErrorHandler::handleFatalError(1, 'Call to a membe...', '/var/www/singap...', 6)
#1 [internal function]: ErrorHandler::handleError(1, 'Call to a membe...', '/var/www/singap...', 6, Array)
#2 /var/www/singapore13/lib/Cake/Core/App.php(931): call_user_func('ErrorHandler::h...', 1, 'Call to a membe...', '/var/www/singap...', 6, Array)
#3 /var/www/singapore13/lib/Cake/Core/App.php(904): App::_checkFatalError()
#4 [internal function]: App::shutdown()
#5 {main}
2013-10-13 04:48:21 Error: Fatal Error (1): Call to a member function find() on a non-object in [/var/www/singapore13/app/Controller/PlacesController.php, line 6]
2013-10-13 04:48:21 Error: [FatalErrorException] Call to a member function find() on a non-object
Request URL: /singapore13/places
Stack Trace:
#0 /var/www/singapore13/lib/Cake/Error/ErrorHandler.php(205): ErrorHandler::handleFatalError(1, 'Call to a membe...', '/var/www/singap...', 6)
#1 [internal function]: ErrorHandler::handleError(1, 'Call to a membe...', '/var/www/singap...', 6, Array)
#2 /var/www/singapore13/lib/Cake/Core/App.php(931): call_user_func('ErrorHandler::h...', 1, 'Call to a membe...', '/var/www/singap...', 6, Array)
#3 /var/www/singapore13/lib/Cake/Core/App.php(904): App::_checkFatalError()
#4 [internal function]: App::shutdown()
#5 {main}
2013-10-13 04:48:25 Error: Fatal Error (1): Call to a member function find() on a non-object in [/var/www/singapore13/app/Controller/PlacesController.php, line 6]
2013-10-13 04:48:25 Error: [FatalErrorException] Call to a member function find() on a non-object
Request URL: /singapore13/places
Stack Trace:
#0 /var/www/singapore13/lib/Cake/Error/ErrorHandler.php(205): ErrorHandler::handleFatalError(1, 'Call to a membe...', '/var/www/singap...', 6)
#1 [internal function]: ErrorHandler::handleError(1, 'Call to a membe...', '/var/www/singap...', 6, Array)
#2 /var/www/singapore13/lib/Cake/Core/App.php(931): call_user_func('ErrorHandler::h...', 1, 'Call to a membe...', '/var/www/singap...', 6, Array)
#3 /var/www/singapore13/lib/Cake/Core/App.php(904): App::_checkFatalError()
#4 [internal function]: App::shutdown()
#5 {main}
2013-10-13 04:48:26 Error: Fatal Error (1): Call to a member function find() on a non-object in [/var/www/singapore13/app/Controller/PlacesController.php, line 6]
2013-10-13 04:48:26 Error: [FatalErrorException] Call to a member function find() on a non-object
Request URL: /singapore13/places
Stack Trace:
#0 /var/www/singapore13/lib/Cake/Error/ErrorHandler.php(205): ErrorHandler::handleFatalError(1, 'Call to a membe...', '/var/www/singap...', 6)
#1 [internal function]: ErrorHandler::handleError(1, 'Call to a membe...', '/var/www/singap...', 6, Array)
#2 /var/www/singapore13/lib/Cake/Core/App.php(931): call_user_func('ErrorHandler::h...', 1, 'Call to a membe...', '/var/www/singap...', 6, Array)
#3 /var/www/singapore13/lib/Cake/Core/App.php(904): App::_checkFatalError()
#4 [internal function]: App::shutdown()
#5 {main}
2013-10-13 04:48:27 Error: Fatal Error (1): Call to a member function find() on a non-object in [/var/www/singapore13/app/Controller/PlacesController.php, line 6]
2013-10-13 04:48:27 Error: [FatalErrorException] Call to a member function find() on a non-object
Request URL: /singapore13/places
Stack Trace:
#0 /var/www/singapore13/lib/Cake/Error/ErrorHandler.php(205): ErrorHandler::handleFatalError(1, 'Call to a membe...', '/var/www/singap...', 6)
#1 [internal function]: ErrorHandler::handleError(1, 'Call to a membe...', '/var/www/singap...', 6, Array)
#2 /var/www/singapore13/lib/Cake/Core/App.php(931): call_user_func('ErrorHandler::h...', 1, 'Call to a membe...', '/var/www/singap...', 6, Array)
#3 /var/www/singapore13/lib/Cake/Core/App.php(904): App::_checkFatalError()
#4 [internal function]: App::shutdown()
#5 {main}
2013-10-13 04:49:11 Error: [MissingViewException] View file "/var/www/singapore13/app/View/Places/index.ctp" is missing.
Exception Attributes: array (
  'file' => '/var/www/singapore13/app/View/Places/index.ctp',
)
Request URL: /singapore13/places
Stack Trace:
#0 /var/www/singapore13/lib/Cake/View/View.php(459): View->_getViewFileName(NULL)
#1 /var/www/singapore13/lib/Cake/Controller/Controller.php(952): View->render(NULL, NULL)
#2 /var/www/singapore13/lib/Cake/Routing/Dispatcher.php(194): Controller->render()
#3 /var/www/singapore13/lib/Cake/Routing/Dispatcher.php(162): Dispatcher->_invoke(Object(PlacesController), Object(CakeRequest), Object(CakeResponse))
#4 /var/www/singapore13/app/webroot/index.php(110): Dispatcher->dispatch(Object(CakeRequest), Object(CakeResponse))
#5 {main}
2013-10-13 04:49:20 Error: [MissingControllerException] Controller class PlacesController could not be found.
Exception Attributes: array (
  'class' => 'PlacesController',
  'plugin' => NULL,
)
Request URL: /singapore13/places
Stack Trace:
#0 /var/www/singapore13/app/webroot/index.php(110): Dispatcher->dispatch(Object(CakeRequest), Object(CakeResponse))
#1 {main}
2013-10-13 04:49:21 Error: [MissingControllerException] Controller class PlacesController could not be found.
Exception Attributes: array (
  'class' => 'PlacesController',
  'plugin' => NULL,
)
Request URL: /singapore13/places
Stack Trace:
#0 /var/www/singapore13/app/webroot/index.php(110): Dispatcher->dispatch(Object(CakeRequest), Object(CakeResponse))
#1 {main}
2013-10-13 04:49:38 Error: [MissingControllerException] Controller class PlacesController could not be found.
Exception Attributes: array (
  'class' => 'PlacesController',
  'plugin' => NULL,
)
Request URL: /singapore13/places
Stack Trace:
#0 /var/www/singapore13/app/webroot/index.php(110): Dispatcher->dispatch(Object(CakeRequest), Object(CakeResponse))
#1 {main}
2013-10-13 04:49:43 Error: [MissingControllerException] Controller class PlaceController could not be found.
Exception Attributes: array (
  'class' => 'PlaceController',
  'plugin' => NULL,
)
Request URL: /singapore13/place
Stack Trace:
#0 /var/www/singapore13/app/webroot/index.php(110): Dispatcher->dispatch(Object(CakeRequest), Object(CakeResponse))
#1 {main}
2013-10-13 04:49:59 Error: [MissingControllerException] Controller class PlaceController could not be found.
Exception Attributes: array (
  'class' => 'PlaceController',
  'plugin' => NULL,
)
Request URL: /singapore13/place
Stack Trace:
#0 /var/www/singapore13/app/webroot/index.php(110): Dispatcher->dispatch(Object(CakeRequest), Object(CakeResponse))
#1 {main}
2013-10-13 04:50:03 Error: [NotFoundException] Invalid post123
Request URL: /singapore13/place/view/0
Stack Trace:
#0 [internal function]: PlaceController->view('0')
#1 /var/www/singapore13/lib/Cake/Controller/Controller.php(490): ReflectionMethod->invokeArgs(Object(PlaceController), Array)
#2 /var/www/singapore13/lib/Cake/Routing/Dispatcher.php(187): Controller->invokeAction(Object(CakeRequest))
#3 /var/www/singapore13/lib/Cake/Routing/Dispatcher.php(162): Dispatcher->_invoke(Object(PlaceController), Object(CakeRequest), Object(CakeResponse))
#4 /var/www/singapore13/app/webroot/index.php(110): Dispatcher->dispatch(Object(CakeRequest), Object(CakeResponse))
#5 {main}
2013-10-13 04:50:20 Error: [MissingTableException] Table places for model Place was not found in datasource default.
Exception Attributes: array (
  'table' => 'places',
  'class' => 'Place',
  'ds' => 'default',
)
Request URL: /singapore13/place
Stack Trace:
#0 /var/www/singapore13/lib/Cake/Model/Model.php(3476): Model->setSource('places')
#1 /var/www/singapore13/lib/Cake/Model/Model.php(2880): Model->getDataSource()
#2 /var/www/singapore13/lib/Cake/Model/Model.php(2852): Model->_readDataSource('all', Array)
#3 /var/www/singapore13/app/Controller/PlaceController.php(6): Model->find('all')
#4 [internal function]: PlaceController->index()
#5 /var/www/singapore13/lib/Cake/Controller/Controller.php(490): ReflectionMethod->invokeArgs(Object(PlaceController), Array)
#6 /var/www/singapore13/lib/Cake/Routing/Dispatcher.php(187): Controller->invokeAction(Object(CakeRequest))
#7 /var/www/singapore13/lib/Cake/Routing/Dispatcher.php(162): Dispatcher->_invoke(Object(PlaceController), Object(CakeRequest), Object(CakeResponse))
#8 /var/www/singapore13/app/webroot/index.php(110): Dispatcher->dispatch(Object(CakeRequest), Object(CakeResponse))
#9 {main}
2013-10-13 04:50:21 Error: [MissingTableException] Table places for model Place was not found in datasource default.
Exception Attributes: array (
  'table' => 'places',
  'class' => 'Place',
  'ds' => 'default',
)
Request URL: /singapore13/place
Stack Trace:
#0 /var/www/singapore13/lib/Cake/Model/Model.php(3476): Model->setSource('places')
#1 /var/www/singapore13/lib/Cake/Model/Model.php(2880): Model->getDataSource()
#2 /var/www/singapore13/lib/Cake/Model/Model.php(2852): Model->_readDataSource('all', Array)
#3 /var/www/singapore13/app/Controller/PlaceController.php(6): Model->find('all')
#4 [internal function]: PlaceController->index()
#5 /var/www/singapore13/lib/Cake/Controller/Controller.php(490): ReflectionMethod->invokeArgs(Object(PlaceController), Array)
#6 /var/www/singapore13/lib/Cake/Routing/Dispatcher.php(187): Controller->invokeAction(Object(CakeRequest))
#7 /var/www/singapore13/lib/Cake/Routing/Dispatcher.php(162): Dispatcher->_invoke(Object(PlaceController), Object(CakeRequest), Object(CakeResponse))
#8 /var/www/singapore13/app/webroot/index.php(110): Dispatcher->dispatch(Object(CakeRequest), Object(CakeResponse))
#9 {main}
2013-10-13 04:50:33 Error: [MissingTableException] Table places for model Place was not found in datasource default.
Exception Attributes: array (
  'table' => 'places',
  'class' => 'Place',
  'ds' => 'default',
)
Request URL: /singapore13/place
Stack Trace:
#0 /var/www/singapore13/lib/Cake/Model/Model.php(3476): Model->setSource('places')
#1 /var/www/singapore13/lib/Cake/Model/Model.php(2880): Model->getDataSource()
#2 /var/www/singapore13/lib/Cake/Model/Model.php(2852): Model->_readDataSource('all', Array)
#3 /var/www/singapore13/app/Controller/PlaceController.php(6): Model->find('all')
#4 [internal function]: PlaceController->index()
#5 /var/www/singapore13/lib/Cake/Controller/Controller.php(490): ReflectionMethod->invokeArgs(Object(PlaceController), Array)
#6 /var/www/singapore13/lib/Cake/Routing/Dispatcher.php(187): Controller->invokeAction(Object(CakeRequest))
#7 /var/www/singapore13/lib/Cake/Routing/Dispatcher.php(162): Dispatcher->_invoke(Object(PlaceController), Object(CakeRequest), Object(CakeResponse))
#8 /var/www/singapore13/app/webroot/index.php(110): Dispatcher->dispatch(Object(CakeRequest), Object(CakeResponse))
#9 {main}
2013-10-13 04:50:44 Error: [MissingTableException] Table places for model Place was not found in datasource default.
Exception Attributes: array (
  'table' => 'places',
  'class' => 'Place',
  'ds' => 'default',
)
Request URL: /singapore13/place
Stack Trace:
#0 /var/www/singapore13/lib/Cake/Model/Model.php(3476): Model->setSource('places')
#1 /var/www/singapore13/lib/Cake/Model/Model.php(2880): Model->getDataSource()
#2 /var/www/singapore13/lib/Cake/Model/Model.php(2852): Model->_readDataSource('all', Array)
#3 /var/www/singapore13/app/Controller/PlaceController.php(6): Model->find('all')
#4 [internal function]: PlaceController->index()
#5 /var/www/singapore13/lib/Cake/Controller/Controller.php(490): ReflectionMethod->invokeArgs(Object(PlaceController), Array)
#6 /var/www/singapore13/lib/Cake/Routing/Dispatcher.php(187): Controller->invokeAction(Object(CakeRequest))
#7 /var/www/singapore13/lib/Cake/Routing/Dispatcher.php(162): Dispatcher->_invoke(Object(PlaceController), Object(CakeRequest), Object(CakeResponse))
#8 /var/www/singapore13/app/webroot/index.php(110): Dispatcher->dispatch(Object(CakeRequest), Object(CakeResponse))
#9 {main}
2013-10-13 04:50:45 Error: [MissingTableException] Table places for model Place was not found in datasource default.
Exception Attributes: array (
  'table' => 'places',
  'class' => 'Place',
  'ds' => 'default',
)
Request URL: /singapore13/place
Stack Trace:
#0 /var/www/singapore13/lib/Cake/Model/Model.php(3476): Model->setSource('places')
#1 /var/www/singapore13/lib/Cake/Model/Model.php(2880): Model->getDataSource()
#2 /var/www/singapore13/lib/Cake/Model/Model.php(2852): Model->_readDataSource('all', Array)
#3 /var/www/singapore13/app/Controller/PlaceController.php(6): Model->find('all')
#4 [internal function]: PlaceController->index()
#5 /var/www/singapore13/lib/Cake/Controller/Controller.php(490): ReflectionMethod->invokeArgs(Object(PlaceController), Array)
#6 /var/www/singapore13/lib/Cake/Routing/Dispatcher.php(187): Controller->invokeAction(Object(CakeRequest))
#7 /var/www/singapore13/lib/Cake/Routing/Dispatcher.php(162): Dispatcher->_invoke(Object(PlaceController), Object(CakeRequest), Object(CakeResponse))
#8 /var/www/singapore13/app/webroot/index.php(110): Dispatcher->dispatch(Object(CakeRequest), Object(CakeResponse))
#9 {main}
2013-10-13 04:50:51 Error: [MissingTableException] Table places for model Place was not found in datasource default.
Exception Attributes: array (
  'table' => 'places',
  'class' => 'Place',
  'ds' => 'default',
)
Request URL: /singapore13/place
Stack Trace:
#0 /var/www/singapore13/lib/Cake/Model/Model.php(3476): Model->setSource('places')
#1 /var/www/singapore13/lib/Cake/Model/Model.php(2880): Model->getDataSource()
#2 /var/www/singapore13/lib/Cake/Model/Model.php(2852): Model->_readDataSource('all', Array)
#3 /var/www/singapore13/app/Controller/PlaceController.php(6): Model->find('all')
#4 [internal function]: PlaceController->index()
#5 /var/www/singapore13/lib/Cake/Controller/Controller.php(490): ReflectionMethod->invokeArgs(Object(PlaceController), Array)
#6 /var/www/singapore13/lib/Cake/Routing/Dispatcher.php(187): Controller->invokeAction(Object(CakeRequest))
#7 /var/www/singapore13/lib/Cake/Routing/Dispatcher.php(162): Dispatcher->_invoke(Object(PlaceController), Object(CakeRequest), Object(CakeResponse))
#8 /var/www/singapore13/app/webroot/index.php(110): Dispatcher->dispatch(Object(CakeRequest), Object(CakeResponse))
#9 {main}
2013-10-13 04:50:52 Error: [MissingTableException] Table places for model Place was not found in datasource default.
Exception Attributes: array (
  'table' => 'places',
  'class' => 'Place',
  'ds' => 'default',
)
Request URL: /singapore13/place
Stack Trace:
#0 /var/www/singapore13/lib/Cake/Model/Model.php(3476): Model->setSource('places')
#1 /var/www/singapore13/lib/Cake/Model/Model.php(2880): Model->getDataSource()
#2 /var/www/singapore13/lib/Cake/Model/Model.php(2852): Model->_readDataSource('all', Array)
#3 /var/www/singapore13/app/Controller/PlaceController.php(6): Model->find('all')
#4 [internal function]: PlaceController->index()
#5 /var/www/singapore13/lib/Cake/Controller/Controller.php(490): ReflectionMethod->invokeArgs(Object(PlaceController), Array)
#6 /var/www/singapore13/lib/Cake/Routing/Dispatcher.php(187): Controller->invokeAction(Object(CakeRequest))
#7 /var/www/singapore13/lib/Cake/Routing/Dispatcher.php(162): Dispatcher->_invoke(Object(PlaceController), Object(CakeRequest), Object(CakeResponse))
#8 /var/www/singapore13/app/webroot/index.php(110): Dispatcher->dispatch(Object(CakeRequest), Object(CakeResponse))
#9 {main}
2013-10-13 04:54:07 Error: [NotFoundException] Invalid post123
Request URL: /singapore13/place/view/0
Stack Trace:
#0 [internal function]: PlaceController->view('0')
#1 /var/www/singapore13/lib/Cake/Controller/Controller.php(490): ReflectionMethod->invokeArgs(Object(PlaceController), Array)
#2 /var/www/singapore13/lib/Cake/Routing/Dispatcher.php(187): Controller->invokeAction(Object(CakeRequest))
#3 /var/www/singapore13/lib/Cake/Routing/Dispatcher.php(162): Dispatcher->_invoke(Object(PlaceController), Object(CakeRequest), Object(CakeResponse))
#4 /var/www/singapore13/app/webroot/index.php(110): Dispatcher->dispatch(Object(CakeRequest), Object(CakeResponse))
#5 {main}
2013-10-13 04:54:14 Error: [NotFoundException] Invalid post123
Request URL: /singapore13/place/view/0
Stack Trace:
#0 [internal function]: PlaceController->view('0')
#1 /var/www/singapore13/lib/Cake/Controller/Controller.php(490): ReflectionMethod->invokeArgs(Object(PlaceController), Array)
#2 /var/www/singapore13/lib/Cake/Routing/Dispatcher.php(187): Controller->invokeAction(Object(CakeRequest))
#3 /var/www/singapore13/lib/Cake/Routing/Dispatcher.php(162): Dispatcher->_invoke(Object(PlaceController), Object(CakeRequest), Object(CakeResponse))
#4 /var/www/singapore13/app/webroot/index.php(110): Dispatcher->dispatch(Object(CakeRequest), Object(CakeResponse))
#5 {main}
2013-10-13 04:54:55 Error: [NotFoundException] Invalid post123
Request URL: /singapore13/place/view/0
Stack Trace:
#0 [internal function]: PlaceController->view('0')
#1 /var/www/singapore13/lib/Cake/Controller/Controller.php(490): ReflectionMethod->invokeArgs(Object(PlaceController), Array)
#2 /var/www/singapore13/lib/Cake/Routing/Dispatcher.php(187): Controller->invokeAction(Object(CakeRequest))
#3 /var/www/singapore13/lib/Cake/Routing/Dispatcher.php(162): Dispatcher->_invoke(Object(PlaceController), Object(CakeRequest), Object(CakeResponse))
#4 /var/www/singapore13/app/webroot/index.php(110): Dispatcher->dispatch(Object(CakeRequest), Object(CakeResponse))
#5 {main}
2013-10-13 04:58:48 Error: [NotFoundException] Invalid post123
Request URL: /singapore13/place/view/0
Stack Trace:
#0 [internal function]: PlaceController->view('0')
#1 /var/www/singapore13/lib/Cake/Controller/Controller.php(490): ReflectionMethod->invokeArgs(Object(PlaceController), Array)
#2 /var/www/singapore13/lib/Cake/Routing/Dispatcher.php(187): Controller->invokeAction(Object(CakeRequest))
#3 /var/www/singapore13/lib/Cake/Routing/Dispatcher.php(162): Dispatcher->_invoke(Object(PlaceController), Object(CakeRequest), Object(CakeResponse))
#4 /var/www/singapore13/app/webroot/index.php(110): Dispatcher->dispatch(Object(CakeRequest), Object(CakeResponse))
#5 {main}
2013-10-13 04:58:49 Error: [NotFoundException] Invalid post123
Request URL: /singapore13/place/view/0
Stack Trace:
#0 [internal function]: PlaceController->view('0')
#1 /var/www/singapore13/lib/Cake/Controller/Controller.php(490): ReflectionMethod->invokeArgs(Object(PlaceController), Array)
#2 /var/www/singapore13/lib/Cake/Routing/Dispatcher.php(187): Controller->invokeAction(Object(CakeRequest))
#3 /var/www/singapore13/lib/Cake/Routing/Dispatcher.php(162): Dispatcher->_invoke(Object(PlaceController), Object(CakeRequest), Object(CakeResponse))
#4 /var/www/singapore13/app/webroot/index.php(110): Dispatcher->dispatch(Object(CakeRequest), Object(CakeResponse))
#5 {main}
2013-10-13 05:00:00 Error: [NotFoundException] Invalid post123
Request URL: /singapore13/place/view/0
Stack Trace:
#0 [internal function]: PlaceController->view('0')
#1 /var/www/singapore13/lib/Cake/Controller/Controller.php(490): ReflectionMethod->invokeArgs(Object(PlaceController), Array)
#2 /var/www/singapore13/lib/Cake/Routing/Dispatcher.php(187): Controller->invokeAction(Object(CakeRequest))
#3 /var/www/singapore13/lib/Cake/Routing/Dispatcher.php(162): Dispatcher->_invoke(Object(PlaceController), Object(CakeRequest), Object(CakeResponse))
#4 /var/www/singapore13/app/webroot/index.php(110): Dispatcher->dispatch(Object(CakeRequest), Object(CakeResponse))
#5 {main}
2013-10-13 05:15:47 Error: Fatal Error (1): Call to a member function create() on a non-object in [/var/www/singapore13/app/Controller/PlaceController.php, line 22]
2013-10-13 05:15:47 Error: [FatalErrorException] Call to a member function create() on a non-object
Request URL: /singapore13/place/add
Stack Trace:
#0 /var/www/singapore13/lib/Cake/Error/ErrorHandler.php(205): ErrorHandler::handleFatalError(1, 'Call to a membe...', '/var/www/singap...', 22)
#1 [internal function]: ErrorHandler::handleError(1, 'Call to a membe...', '/var/www/singap...', 22, Array)
#2 /var/www/singapore13/lib/Cake/Core/App.php(931): call_user_func('ErrorHandler::h...', 1, 'Call to a membe...', '/var/www/singap...', 22, Array)
#3 /var/www/singapore13/lib/Cake/Core/App.php(904): App::_checkFatalError()
#4 [internal function]: App::shutdown()
#5 {main}
2013-10-13 05:15:57 Error: Fatal Error (1): Call to a member function save() on a non-object in [/var/www/singapore13/app/Controller/PlaceController.php, line 23]
2013-10-13 05:15:57 Error: [FatalErrorException] Call to a member function save() on a non-object
Request URL: /singapore13/place/add
Stack Trace:
#0 /var/www/singapore13/lib/Cake/Error/ErrorHandler.php(205): ErrorHandler::handleFatalError(1, 'Call to a membe...', '/var/www/singap...', 23)
#1 [internal function]: ErrorHandler::handleError(1, 'Call to a membe...', '/var/www/singap...', 23, Array)
#2 /var/www/singapore13/lib/Cake/Core/App.php(931): call_user_func('ErrorHandler::h...', 1, 'Call to a membe...', '/var/www/singap...', 23, Array)
#3 /var/www/singapore13/lib/Cake/Core/App.php(904): App::_checkFatalError()
#4 [internal function]: App::shutdown()
#5 {main}
2013-10-13 05:16:07 Error: [PDOException] SQLSTATE[23000]: Integrity constraint violation: 1048 Column 'dates_iddates' cannot be null
Request URL: /singapore13/place/add
Stack Trace:
#0 /var/www/singapore13/lib/Cake/Model/Datasource/DboSource.php(460): PDOStatement->execute(Array)
#1 /var/www/singapore13/lib/Cake/Model/Datasource/DboSource.php(426): DboSource->_execute('INSERT INTO `sg...', Array)
#2 /var/www/singapore13/lib/Cake/Model/Datasource/DboSource.php(1004): DboSource->execute('INSERT INTO `sg...')
#3 /var/www/singapore13/lib/Cake/Model/Model.php(1827): DboSource->create(Object(Place), Array, Array)
#4 /var/www/singapore13/app/Controller/PlaceController.php(23): Model->save(Array)
#5 [internal function]: PlaceController->add()
#6 /var/www/singapore13/lib/Cake/Controller/Controller.php(490): ReflectionMethod->invokeArgs(Object(PlaceController), Array)
#7 /var/www/singapore13/lib/Cake/Routing/Dispatcher.php(187): Controller->invokeAction(Object(CakeRequest))
#8 /var/www/singapore13/lib/Cake/Routing/Dispatcher.php(162): Dispatcher->_invoke(Object(PlaceController), Object(CakeRequest), Object(CakeResponse))
#9 /var/www/singapore13/app/webroot/index.php(110): Dispatcher->dispatch(Object(CakeRequest), Object(CakeResponse))
#10 {main}
2013-10-13 05:37:46 Error: Fatal Error (1): Call to a member function findById() on a non-object in [/var/www/singapore13/app/Controller/PlaceController.php, line 35]
2013-10-13 05:37:46 Error: [FatalErrorException] Call to a member function findById() on a non-object
Request URL: /singapore13/place/edit/5
Stack Trace:
#0 /var/www/singapore13/lib/Cake/Error/ErrorHandler.php(205): ErrorHandler::handleFatalError(1, 'Call to a membe...', '/var/www/singap...', 35)
#1 [internal function]: ErrorHandler::handleError(1, 'Call to a membe...', '/var/www/singap...', 35, Array)
#2 /var/www/singapore13/lib/Cake/Core/App.php(931): call_user_func('ErrorHandler::h...', 1, 'Call to a membe...', '/var/www/singap...', 35, Array)
#3 /var/www/singapore13/lib/Cake/Core/App.php(904): App::_checkFatalError()
#4 [internal function]: App::shutdown()
#5 {main}
2013-10-13 05:38:02 Error: [NotFoundException] Invalid post
Request URL: /singapore13/place/edit/5
Stack Trace:
#0 [internal function]: PlaceController->edit('5')
#1 /var/www/singapore13/lib/Cake/Controller/Controller.php(490): ReflectionMethod->invokeArgs(Object(PlaceController), Array)
#2 /var/www/singapore13/lib/Cake/Routing/Dispatcher.php(187): Controller->invokeAction(Object(CakeRequest))
#3 /var/www/singapore13/lib/Cake/Routing/Dispatcher.php(162): Dispatcher->_invoke(Object(PlaceController), Object(CakeRequest), Object(CakeResponse))
#4 /var/www/singapore13/app/webroot/index.php(110): Dispatcher->dispatch(Object(CakeRequest), Object(CakeResponse))
#5 {main}
2013-10-13 05:38:35 Error: Fatal Error (1): Call to a member function save() on a non-object in [/var/www/singapore13/app/Controller/PlaceController.php, line 42]
2013-10-13 05:38:35 Error: [FatalErrorException] Call to a member function save() on a non-object
Request URL: /singapore13/place/edit/5
Stack Trace:
#0 /var/www/singapore13/lib/Cake/Error/ErrorHandler.php(205): ErrorHandler::handleFatalError(1, 'Call to a membe...', '/var/www/singap...', 42)
#1 [internal function]: ErrorHandler::handleError(1, 'Call to a membe...', '/var/www/singap...', 42, Array)
#2 /var/www/singapore13/lib/Cake/Core/App.php(931): call_user_func('ErrorHandler::h...', 1, 'Call to a membe...', '/var/www/singap...', 42, Array)
#3 /var/www/singapore13/lib/Cake/Core/App.php(904): App::_checkFatalError()
#4 [internal function]: App::shutdown()
#5 {main}
2013-10-13 05:41:18 Error: Fatal Error (4): syntax error, unexpected T_ECHO in [/var/www/singapore13/app/Controller/PlaceController.php, line 43]
2013-10-13 05:41:18 Error: [FatalErrorException] syntax error, unexpected T_ECHO
Request URL: /singapore13/place/edit/3
Stack Trace:
#0 /var/www/singapore13/lib/Cake/Error/ErrorHandler.php(205): ErrorHandler::handleFatalError(4, 'syntax error, u...', '/var/www/singap...', 43)
#1 [internal function]: ErrorHandler::handleError(4, 'syntax error, u...', '/var/www/singap...', 43, Array)
#2 /var/www/singapore13/lib/Cake/Core/App.php(931): call_user_func('ErrorHandler::h...', 4, 'syntax error, u...', '/var/www/singap...', 43, Array)
#3 /var/www/singapore13/lib/Cake/Core/App.php(904): App::_checkFatalError()
#4 [internal function]: App::shutdown()
#5 {main}
2013-10-13 05:42:47 Error: Fatal Error (1): Call to a member function invalidFields() on a non-object in [/var/www/singapore13/app/Controller/PlaceController.php, line 47]
2013-10-13 05:42:47 Error: [FatalErrorException] Call to a member function invalidFields() on a non-object
Request URL: /singapore13/place/edit/3
Stack Trace:
#0 /var/www/singapore13/lib/Cake/Error/ErrorHandler.php(205): ErrorHandler::handleFatalError(1, 'Call to a membe...', '/var/www/singap...', 47)
#1 [internal function]: ErrorHandler::handleError(1, 'Call to a membe...', '/var/www/singap...', 47, Array)
#2 /var/www/singapore13/lib/Cake/Core/App.php(931): call_user_func('ErrorHandler::h...', 1, 'Call to a membe...', '/var/www/singap...', 47, Array)
#3 /var/www/singapore13/lib/Cake/Core/App.php(904): App::_checkFatalError()
#4 [internal function]: App::shutdown()
#5 {main}
2013-10-13 05:43:04 Error: Fatal Error (1): Call to undefined method PlaceController::invalidFields() in [/var/www/singapore13/app/Controller/PlaceController.php, line 47]
2013-10-13 05:43:04 Error: [FatalErrorException] Call to undefined method PlaceController::invalidFields()
Request URL: /singapore13/place/edit/3
Stack Trace:
#0 /var/www/singapore13/lib/Cake/Error/ErrorHandler.php(205): ErrorHandler::handleFatalError(1, 'Call to undefin...', '/var/www/singap...', 47)
#1 [internal function]: ErrorHandler::handleError(1, 'Call to undefin...', '/var/www/singap...', 47, Array)
#2 /var/www/singapore13/lib/Cake/Core/App.php(931): call_user_func('ErrorHandler::h...', 1, 'Call to undefin...', '/var/www/singap...', 47, Array)
#3 /var/www/singapore13/lib/Cake/Core/App.php(904): App::_checkFatalError()
#4 [internal function]: App::shutdown()
#5 {main}
2013-10-13 05:43:47 Error: Fatal Error (1): Call to undefined method PlaceController::invalidFields() in [/var/www/singapore13/app/Controller/PlaceController.php, line 47]
2013-10-13 05:43:47 Error: [FatalErrorException] Call to undefined method PlaceController::invalidFields()
Request URL: /singapore13/place/edit/3
Stack Trace:
#0 /var/www/singapore13/lib/Cake/Error/ErrorHandler.php(205): ErrorHandler::handleFatalError(1, 'Call to undefin...', '/var/www/singap...', 47)
#1 [internal function]: ErrorHandler::handleError(1, 'Call to undefin...', '/var/www/singap...', 47, Array)
#2 /var/www/singapore13/lib/Cake/Core/App.php(931): call_user_func('ErrorHandler::h...', 1, 'Call to undefin...', '/var/www/singap...', 47, Array)
#3 /var/www/singapore13/lib/Cake/Core/App.php(904): App::_checkFatalError()
#4 [internal function]: App::shutdown()
#5 {main}
2013-10-13 05:48:06 Error: Fatal Error (1): Call to a member function delete() on a non-object in [/var/www/singapore13/app/Controller/PlaceController.php, line 60]
2013-10-13 05:48:06 Error: [FatalErrorException] Call to a member function delete() on a non-object
Request URL: /singapore13/place/delete/7
Stack Trace:
#0 /var/www/singapore13/lib/Cake/Error/ErrorHandler.php(205): ErrorHandler::handleFatalError(1, 'Call to a membe...', '/var/www/singap...', 60)
#1 [internal function]: ErrorHandler::handleError(1, 'Call to a membe...', '/var/www/singap...', 60, Array)
#2 /var/www/singapore13/lib/Cake/Core/App.php(931): call_user_func('ErrorHandler::h...', 1, 'Call to a membe...', '/var/www/singap...', 60, Array)
#3 /var/www/singapore13/lib/Cake/Core/App.php(904): App::_checkFatalError()
#4 [internal function]: App::shutdown()
#5 {main}
